<?xml version="1.0" encoding="UTF-8"?>
<!-- Generated by org.testng.reporters.JUnitXMLReporter -->
<testsuite ignored="9" hostname="surya-ThinkPad-T520" failures="0" tests="3" name="Default test" time="5.897" errors="0" timestamp="2021-07-05T17:39:53 IST">
  <testcase classname="enquiryAPI.TC001_CreateEnquiry" name="isMedplusUser" time="2.712"/>
  <testcase classname="enquiryAPI.TC001_CreateEnquiry" name="isMedplusUser" time="0.916"/>
  <testcase classname="enquiryAPI.TC001_CreateEnquiry" name="isMedplusUser" time="0.328"/>
  <testcase classname="enquiryAPI.TC001_CreateEnquiry" name="testdataprovider" time="0.0">
    <ignored/>
  </testcase> <!-- testdataprovider -->
  <testcase classname="enquiryAPI.TC001_CreateEnquiry" name="updateEnquiryWithDiseases" time="0.0">
    <ignored/>
  </testcase> <!-- updateEnquiryWithDiseases -->
  <testcase classname="enquiryAPI.TC001_CreateEnquiry" name="testdataprovider" time="0.0">
    <ignored/>
  </testcase> <!-- testdataprovider -->
  <testcase classname="baseTest.baseTestCase" name="utilsTest" time="0.0">
    <ignored/>
  </testcase> <!-- utilsTest -->
  <testcase classname="enquiryAPI.TC001_CreateEnquiry" name="updateEnquiryWithTerm" time="0.0">
    <ignored/>
  </testcase> <!-- updateEnquiryWithTerm -->
  <testcase classname="enquiryAPI.TC001_CreateEnquiry" name="createHealthEnquiry" time="0.0">
    <ignored/>
  </testcase> <!-- createHealthEnquiry -->
  <testcase classname="enquiryAPI.TC001_CreateEnquiry" name="updateEnquiryWithSumInsured" time="0.0">
    <ignored/>
  </testcase> <!-- updateEnquiryWithSumInsured -->
  <testcase classname="enquiryAPI.TC001_CreateEnquiry" name="updateEnquiryWithUser" time="0.0">
    <ignored/>
  </testcase> <!-- updateEnquiryWithUser -->
  <testcase classname="enquiryAPI.TC001_CreateEnquiry" name="updateEnquiryWithMembers" time="0.0">
    <ignored/>
  </testcase> <!-- updateEnquiryWithMembers -->
</testsuite> <!-- Default test -->
