<?xml version="1.0" encoding="UTF-8"?>
<testng-results ignored="0" total="1" passed="1" failed="0" skipped="0">
  <reporter-output>
  </reporter-output>
  <suite started-at="2021-07-11T12:13:46 IST" name="Default suite" finished-at="2021-07-11T12:14:50 IST" duration-ms="63499">
    <groups>
    </groups>
    <test started-at="2021-07-11T12:13:46 IST" name="Default test" finished-at="2021-07-11T12:14:50 IST" duration-ms="63499">
      <class name="baseTest.baseTestCase">
        <test-method signature="BaseTest()[pri:0, instance:baseTest.baseTestCase@169e6180]" started-at="2021-07-11T12:13:47 IST" name="BaseTest" finished-at="2021-07-11T12:14:50 IST" duration-ms="63130" status="PASS">
          <reporter-output>
          </reporter-output>
        </test-method> <!-- BaseTest -->
      </class> <!-- baseTest.baseTestCase -->
    </test> <!-- Default test -->
  </suite> <!-- Default suite -->
</testng-results>
